tick Thu Jun 11 06:57:07 +04 2026
{"ok":true,"skipped":"uranio_already_active","webhookConfigured":true}tick Thu Jun 11 07:57:08 +04 2026
{"ok":true,"activated":false,"webhookConfigured":true}tick Thu Jun 11 08:57:09 +04 2026
{"ok":true,"skipped":"uranio_already_active","webhookConfigured":true}tick Thu Jun 11 09:57:10 +04 2026
{"ok":true,"activated":false,"webhookConfigured":true}tick Thu Jun 11 14:25:24 +04 2026
{"ok":true,"activated":true,"webhookConfigured":true,"discordStatus":204,"discordText":"","signalId":"UR-171","expiresAt":1781174424911,"volume":85,"volatility":76,"outcome":"WIN"}tick Thu Jun 11 18:45:56 +04 2026
{"ok":true,"skipped":"uranio_already_active","webhookConfigured":true}tick Thu Jun 11 19:45:57 +04 2026
{"ok":true,"activated":false,"webhookConfigured":true}tick Thu Jun 11 20:45:57 +04 2026
{"ok":true,"skipped":"uranio_already_active","webhookConfigured":true}tick Thu Jun 11 21:45:57 +04 2026
{"ok":true,"activated":true,"webhookConfigured":true,"discordStatus":204,"discordText":"","signalId":"UR-182","expiresAt":1781200858468,"volume":83,"volatility":84,"outcome":"LOSS"}tick Thu Jun 11 22:45:58 +04 2026
{"ok":true,"activated":false,"webhookConfigured":true}tick Thu Jun 11 23:45:59 +04 2026
{"ok":true,"skipped":"uranio_already_active","webhookConfigured":true}tick Fri Jun 12 04:18:09 +04 2026
{"ok":true,"activated":true,"webhookConfigured":true,"discordStatus":204,"discordText":"","signalId":"UR-921","expiresAt":1781224389468,"volume":85,"volatility":84,"outcome":"WIN"}tick Fri Jun 12 05:26:35 +04 2026
{"ok":true,"activated":false,"webhookConfigured":true}tick Sat Jun 13 01:58:51 +04 2026
{"ok":true,"skipped":"uranio_cooldown_after_resolve","remainingMs":3154793}io_already_active","webhookConfigured":true}tick Thu Jun 11 08:10:42 +04 2026
{"ok":true,"skipped":"uranio_already_active","webhookConfigured":true}tick Thu Jun 11 08:15:44 +04 2026
{"ok":true,"activated":false,"webhookConfigured":true}tick Thu Jun 11 08:20:45 +04 2026
{"ok":true,"activated":true,"webhookConfigured":true,"discordStatus":204,"discordText":"","signalId":"UR-556","expiresAt":1781152546827,"volume":94,"volatility":85,"outcome":"LOSS"}tick Thu Jun 11 08:25:47 +04 2026
{"ok":true,"skipped":"uranio_already_active","webhookConfigured":true}tick Thu Jun 11 08:30:48 +04 2026
{"ok":true,"skipped":"uranio_already_active","webhookConfigured":true}tick Thu Jun 11 08:35:49 +04 2026
{"ok":true,"activated":false,"webhookConfigured":true}tick Thu Jun 11 08:40:50 +04 2026
{"ok":true,"activated":false,"webhookConfigured":true}tick Thu Jun 11 08:45:51 +04 2026
{"ok":true,"activated":true,"webhookConfigured":true,"discordStatus":204,"discordText":"","signalId":"UR-792","expiresAt":1781154053250,"volume":83,"volatility":81,"outcome":"WIN"}tick Thu Jun 11 08:50:54 +04 2026
{"ok":true,"skipped":"uranio_already_active","webhookConfigured":true}tick Thu Jun 11 08:55:55 +04 2026
{"ok":true,"skipped":"uranio_already_active","webhookConfigured":true}tick Thu Jun 11 09:00:55 +04 2026
{"ok":true,"activated":false,"webhookConfigured":true}tick Thu Jun 11 09:05:57 +04 2026
{"ok":true,"activated":false,"webhookConfigured":true}tick Thu Jun 11 09:10:58 +04 2026
{"ok":true,"activated":false,"webhookConfigured":true}tick Thu Jun 11 09:15:59 +04 2026
{"ok":true,"activated":false,"webhookConfigured":true}tick Thu Jun 11 09:21:00 +04 2026
{"ok":true,"activated":false,"webhookConfigured":true}tick Thu Jun 11 09:26:01 +04 2026
{"ok":true,"activated":false,"webhookConfigured":true}tick Thu Jun 11 09:31:01 +04 2026
{"ok":true,"activated":false,"webhookConfigured":true}tick Thu Jun 11 09:36:02 +04 2026
{"ok":true,"activated":false,"webhookConfigured":true}tick Thu Jun 11 09:41:03 +04 2026
{"ok":true,"activated":true,"webhookConfigured":true,"discordStatus":204,"discordText":"","signalId":"UR-599","expiresAt":1781157364099,"volume":92,"volatility":76,"outcome":"LOSS"}tick Thu Jun 11 09:46:04 +04 2026
{"ok":true,"skipped":"uranio_already_active","webhookConfigured":true}tick Thu Jun 11 09:51:06 +04 2026
{"ok":true,"skipped":"uranio_already_active","webhookConfigured":true}tick Thu Jun 11 09:56:08 +04 2026
{"ok":true,"activated":false,"webhookConfigured":true}tick Thu Jun 11 10:01:08 +04 2026
{"ok":true,"activated":false,"webhookConfigured":true}tick Thu Jun 11 10:06:09 +04 2026
{"ok":true,"activated":false,"webhookConfigured":true}tick Thu Jun 11 10:11:10 +04 2026
{"ok":true,"activated":true,"webhookConfigured":true,"discordStatus":204,"discordText":"","signalId":"UR-105","expiresAt":1781159170983,"volume":85,"volatility":88,"outcome":"WIN"}tick Thu Jun 11 10:16:11 +04 2026
{"ok":true,"skipped":"uranio_already_active","webhookConfigured":true}tick Thu Jun 11 10:21:12 +04 2026
{"ok":true,"skipped":"uranio_already_active","webhookConfigured":true}tick Thu Jun 11 10:26:12 +04 2026
{"ok":true,"activated":false,"webhookConfigured":true}tick Thu Jun 11 10:31:13 +04 2026
{"ok":true,"activated":false,"webhookConfigured":true}tick Thu Jun 11 10:36:13 +04 2026
{"ok":true,"activated":true,"webhookConfigured":true,"discordStatus":204,"discordText":"","signalId":"UR-970","expiresAt":1781160674155,"volume":85,"volatility":95,"outcome":"LOSS"}tick Thu Jun 11 10:41:14 +04 2026
{"ok":true,"skipped":"uranio_already_active","webhookConfigured":true}tick Thu Jun 11 10:46:15 +04 2026
{"ok":true,"skipped":"uranio_already_active","webhookConfigured":true}tick Thu Jun 11 12:34:45 +04 2026
{"ok":true,"activated":true,"webhookConfigured":true,"discordStatus":204,"discordText":"","signalId":"UR-534","expiresAt":1781167787652,"volume":83,"volatility":78,"outcome":"LOSS"}tick Thu Jun 11 14:07:10 +04 2026
{"ok":true,"activated":false,"webhookConfigured":true}tick Thu Jun 11 15:46:23 +04 2026
{"ok":true,"activated":true,"webhookConfigured":true,"discordStatus":204,"discordText":"","signalId":"UR-269","expiresAt":1781179284550,"volume":93,"volatility":79,"outcome":"LOSS"}tick Thu Jun 11 17:28:16 +04 2026
{"ok":true,"activated":true,"webhookConfigured":true,"discordStatus":204,"discordText":"","signalId":"UR-337","expiresAt":1781185422677,"volume":87,"volatility":95,"outcome":"LOSS"}tick Thu Jun 11 18:00:14 +04 2026
{"ok":true,"activated":false,"webhookConfigured":true}tick Thu Jun 11 18:05:14 +04 2026
{"ok":true,"activated":false,"webhookConfigured":true}tick Thu Jun 11 18:10:15 +04 2026
{"ok":true,"activated":false,"webhookConfigured":true}tick Thu Jun 11 18:15:16 +04 2026
{"ok":true,"activated":false,"webhookConfigured":true}tick Thu Jun 11 18:20:16 +04 2026
{"ok":true,"activated":false,"webhookConfigured":true}tick Thu Jun 11 18:25:17 +04 2026
{"ok":true,"activated":false,"webhookConfigured":true}tick Thu Jun 11 18:30:17 +04 2026
{"ok":true,"activated":false,"webhookConfigured":true}tick Thu Jun 11 18:35:18 +04 2026
{"ok":true,"activated":true,"webhookConfigured":true,"discordStatus":204,"discordText":"","signalId":"UR-270","expiresAt":1781189418430,"volume":82,"volatility":81,"outcome":"WIN"}tick Thu Jun 11 18:40:19 +04 2026
{"ok":true,"skipped":"uranio_already_active","webhookConfigured":true}tick Thu Jun 11 18:45:19 +04 2026
{"ok":true,"skipped":"uranio_already_active","webhookConfigured":true}tick Thu Jun 11 18:50:20 +04 2026
{"ok":true,"activated":false,"webhookConfigured":true}tick Thu Jun 11 18:55:21 +04 2026
{"ok":true,"activated":false,"webhookConfigured":true}tick Thu Jun 11 19:00:21 +04 2026
{"ok":true,"activated":false,"webhookConfigured":true}tick Thu Jun 11 19:05:22 +04 2026
{"ok":true,"activated":false,"webhookConfigured":true}tick Thu Jun 11 19:10:23 +04 2026
{"ok":true,"activated":true,"webhookConfigured":true,"discordStatus":204,"discordText":"","signalId":"UR-839","expiresAt":1781191523632,"volume":90,"volatility":90,"outcome":"WIN"}tick Thu Jun 11 19:15:24 +04 2026
{"ok":true,"skipped":"uranio_already_active","webhookConfigured":true}tick Thu Jun 11 19:20:24 +04 2026
{"ok":true,"skipped":"uranio_already_active","webhookConfigured":true}tick Thu Jun 11 19:25:25 +04 2026
{"ok":true,"activated":false,"webhookConfigured":true}tick Thu Jun 11 19:30:25 +04 2026
{"ok":true,"activated":true,"webhookConfigured":true,"discordStatus":204,"discordText":"","signalId":"UR-463","expiresAt":1781192726145,"volume":97,"volatility":76,"outcome":"WIN"}tick Thu Jun 11 19:35:26 +04 2026
{"ok":true,"skipped":"uranio_already_active","webhookConfigured":true}tick Thu Jun 11 19:40:27 +04 2026
{"ok":true,"skipped":"uranio_already_active","webhookConfigured":true}tick Thu Jun 11 19:45:27 +04 2026
{"ok":true,"activated":false,"webhookConfigured":true}tick Thu Jun 11 19:50:28 +04 2026
{"ok":true,"activated":false,"webhookConfigured":true}tick Thu Jun 11 19:55:28 +04 2026
{"ok":true,"activated":false,"webhookConfigured":true}tick Thu Jun 11 20:00:29 +04 2026
{"ok":true,"activated":false,"webhookConfigured":true}tick Thu Jun 11 20:05:30 +04 2026
{"ok":true,"activated":false,"webhookConfigured":true}tick Thu Jun 11 20:10:31 +04 2026
{"ok":true,"activated":true,"webhookConfigured":true,"discordStatus":204,"discordText":"","signalId":"UR-769","expiresAt":1781195131469,"volume":84,"volatility":88,"outcome":"WIN"}tick Thu Jun 11 20:15:32 +04 2026
{"ok":true,"skipped":"uranio_already_active","webhookConfigured":true}tick Thu Jun 11 20:20:32 +04 2026
{"ok":true,"skipped":"uranio_already_active","webhookConfigured":true}tick Thu Jun 11 20:25:33 +04 2026
{"ok":true,"activated":false,"webhookConfigured":true}tick Thu Jun 11 20:30:33 +04 2026
{"ok":true,"activated":false,"webhookConfigured":true}tick Thu Jun 11 20:35:34 +04 2026
{"ok":true,"activated":false,"webhookConfigured":true}tick Thu Jun 11 20:40:34 +04 2026
{"ok":true,"activated":true,"webhookConfigured":true,"discordStatus":204,"discordText":"","signalId":"UR-361","expiresAt":1781196935371,"volume":84,"volatility":93,"outcome":"WIN"}tick Thu Jun 11 20:45:36 +04 2026
{"ok":true,"skipped":"uranio_already_active","webhookConfigured":true}tick Thu Jun 11 20:50:36 +04 2026
{"ok":true,"skipped":"uranio_already_active","webhookConfigured":true}tick Thu Jun 11 20:55:36 +04 2026
{"ok":true,"activated":false,"webhookConfigured":true}tick Thu Jun 11 21:00:37 +04 2026
{"ok":true,"activated":false,"webhookConfigured":true}tick Thu Jun 11 21:05:38 +04 2026
{"ok":true,"activated":false,"webhookConfigured":true}tick Thu Jun 11 21:10:39 +04 2026
{"ok":true,"activated":true,"webhookConfigured":true,"discordStatus":204,"discordText":"","signalId":"UR-606","expiresAt":1781198739601,"volume":87,"volatility":89,"outcome":"WIN"}tick Thu Jun 11 21:15:40 +04 2026
{"ok":true,"skipped":"uranio_already_active","webhookConfigured":true}tick Thu Jun 11 21:20:40 +04 2026
{"ok":true,"skipped":"uranio_already_active","webhookConfigured":true}tick Thu Jun 11 21:25:41 +04 2026
{"ok":true,"activated":true,"webhookConfigured":true,"discordStatus":204,"discordText":"","signalId":"UR-455","expiresAt":1781199641790,"volume":83,"volatility":85,"outcome":"LOSS"}tick Thu Jun 11 21:30:42 +04 2026
{"ok":true,"skipped":"uranio_already_active","webhookConfigured":true}tick Thu Jun 11 21:35:42 +04 2026
{"ok":true,"skipped":"uranio_already_active","webhookConfigured":true}tick Thu Jun 11 21:40:43 +04 2026
{"ok":true,"activated":false,"webhookConfigured":true}tick Thu Jun 11 21:45:43 +04 2026
{"ok":true,"activated":false,"webhookConfigured":true}tick Thu Jun 11 21:50:44 +04 2026
{"ok":true,"skipped":"uranio_already_active","webhookConfigured":true}tick Thu Jun 11 21:55:45 +04 2026
{"ok":true,"skipped":"uranio_already_active","webhookConfigured":true}tick Thu Jun 11 22:00:45 +04 2026
{"ok":true,"skipped":"uranio_already_active","webhookConfigured":true}tick Thu Jun 11 22:05:46 +04 2026
{"ok":true,"activated":false,"webhookConfigured":true}tick Thu Jun 11 22:10:47 +04 2026
{"ok":true,"skipped":"uranio_already_active","webhookConfigured":true}tick Thu Jun 11 22:15:47 +04 2026
{"ok":true,"skipped":"uranio_already_active","webhookConfigured":true}tick Thu Jun 11 22:20:47 +04 2026
{"ok":true,"skipped":"uranio_already_active","webhookConfigured":true}tick Thu Jun 11 22:25:50 +04 2026
{"ok":true,"activated":true,"webhookConfigured":true,"discordStatus":204,"discordText":"","signalId":"UR-455","expiresAt":1781203251130,"volume":84,"volatility":79,"outcome":"LOSS"}tick Thu Jun 11 22:30:51 +04 2026
{"ok":true,"skipped":"uranio_already_active","webhookConfigured":true}tick Thu Jun 11 22:35:52 +04 2026
{"ok":true,"skipped":"uranio_already_active","webhookConfigured":true}tick Thu Jun 11 22:40:52 +04 2026
{"ok":true,"activated":false,"webhookConfigured":true}tick Thu Jun 11 22:45:53 +04 2026
{"ok":true,"activated":false,"webhookConfigured":true}tick Thu Jun 11 22:50:54 +04 2026
{"ok":true,"activated":false,"webhookConfigured":true}tick Thu Jun 11 22:55:55 +04 2026
{"ok":true,"activated":false,"webhookConfigured":true}tick Thu Jun 11 23:00:56 +04 2026
{"ok":true,"activated":true,"webhookConfigured":true,"discordStatus":204,"discordText":"","signalId":"UR-916","expiresAt":1781205356809,"volume":96,"volatility":95,"outcome":"LOSS"}tick Thu Jun 11 23:05:57 +04 2026
{"ok":true,"skipped":"uranio_already_active","webhookConfigured":true}tick Thu Jun 11 23:10:58 +04 2026
{"ok":true,"skipped":"uranio_already_active","webhookConfigured":true}tick Thu Jun 11 23:15:58 +04 2026
{"ok":true,"activated":false,"webhookConfigured":true}tick Thu Jun 11 23:20:59 +04 2026
{"ok":true,"activated":true,"webhookConfigured":true,"discordStatus":204,"discordText":"","signalId":"UR-134","expiresAt":1781206560266,"volume":91,"volatility":89,"outcome":"LOSS"}tick Thu Jun 11 23:26:00 +04 2026
{"ok":true,"skipped":"uranio_already_active","webhookConfigured":true}tick Thu Jun 11 23:31:01 +04 2026
{"ok":true,"skipped":"uranio_already_active","webhookConfigured":true}tick Thu Jun 11 23:36:02 +04 2026
{"ok":true,"activated":true,"webhookConfigured":true,"discordStatus":204,"discordText":"","signalId":"UR-959","expiresAt":1781207463079,"volume":88,"volatility":95,"outcome":"LOSS"}tick Thu Jun 11 23:41:03 +04 2026
{"ok":true,"skipped":"uranio_already_active","webhookConfigured":true}tick Thu Jun 11 23:46:03 +04 2026
{"ok":true,"skipped":"uranio_already_active","webhookConfigured":true}tick Thu Jun 11 23:51:04 +04 2026
{"ok":true,"activated":false,"webhookConfigured":true}tick Thu Jun 11 23:56:05 +04 2026
{"ok":true,"activated":false,"webhookConfigured":true}tick Fri Jun 12 00:51:27 +04 2026
{"ok":true,"activated":true,"webhookConfigured":true,"discordStatus":204,"discordText":"","signalId":"UR-825","expiresAt":1781211988234,"volume":82,"volatility":79,"outcome":"WIN"}tick Fri Jun 12 02:36:19 +04 2026
{"ok":true,"activated":false,"webhookConfigured":true}tick Fri Jun 12 03:43:17 +04 2026
{"ok":true,"activated":false,"webhookConfigured":true}tick Fri Jun 12 03:48:18 +04 2026
{"ok":true,"activated":true,"webhookConfigured":true,"discordStatus":204,"discordText":"","signalId":"UR-459","expiresAt":1781222598951,"volume":85,"volatility":79,"outcome":"LOSS"}tick Fri Jun 12 03:53:20 +04 2026
{"ok":true,"skipped":"uranio_already_active","webhookConfigured":true}tick Fri Jun 12 03:58:20 +04 2026
{"ok":true,"skipped":"uranio_already_active","webhookConfigured":true}tick Fri Jun 12 04:03:21 +04 2026
{"ok":true,"activated":false,"webhookConfigured":true}tick Fri Jun 12 04:08:22 +04 2026
{"ok":true,"activated":false,"webhookConfigured":true}tick Fri Jun 12 04:13:23 +04 2026
{"ok":true,"activated":false,"webhookConfigured":true}tick Fri Jun 12 04:18:24 +04 2026
{"ok":true,"skipped":"uranio_already_active","webhookConfigured":true}tick Fri Jun 12 04:23:24 +04 2026
{"ok":true,"skipped":"uranio_already_active","webhookConfigured":true}tick Fri Jun 12 04:28:25 +04 2026
{"ok":true,"skipped":"uranio_already_active","webhookConfigured":true}tick Fri Jun 12 04:33:25 +04 2026
{"ok":true,"activated":false,"webhookConfigured":true}tick Fri Jun 12 04:38:27 +04 2026
{"ok":true,"activated":false,"webhookConfigured":true}tick Fri Jun 12 04:43:27 +04 2026
{"ok":true,"activated":false,"webhookConfigured":true}tick Fri Jun 12 04:48:28 +04 2026
{"ok":true,"activated":false,"webhookConfigured":true}tick Fri Jun 12 04:53:29 +04 2026
{"ok":true,"activated":false,"webhookConfigured":true}tick Fri Jun 12 04:58:29 +04 2026
{"ok":true,"activated":false,"webhookConfigured":true}tick Fri Jun 12 05:03:30 +04 2026
{"ok":true,"activated":false,"webhookConfigured":true}tick Fri Jun 12 05:16:56 +04 2026
{"ok":true,"activated":false,"webhookConfigured":true}tick Fri Jun 12 05:21:58 +04 2026
{"ok":true,"activated":false,"webhookConfigured":true}tick Fri Jun 12 05:26:59 +04 2026
{"ok":true,"activated":true,"webhookConfigured":true,"discordStatus":204,"discordText":"","signalId":"UR-836","expiresAt":1781228519775,"volume":92,"volatility":79,"outcome":"LOSS"}tick Fri Jun 12 05:32:00 +04 2026
{"ok":true,"skipped":"uranio_already_active","webhookConfigured":true}tick Fri Jun 12 05:37:02 +04 2026
{"ok":true,"skipped":"uranio_cooldown_after_resolve","remainingMs":342026}tick Fri Jun 12 05:42:03 +04 2026
{"ok":true,"skipped":"uranio_cooldown_after_resolve","remainingMs":41523}tick Fri Jun 12 05:47:03 +04 2026
{"ok":true,"skipped":"uranio_expired_waiting_resolve"}tick Fri Jun 12 06:59:39 +04 2026
{"ok":true,"skipped":"uranio_expired_waiting_resolve"}tick Fri Jun 12 08:52:32 +04 2026
{"ok":true,"skipped":"uranio_expired_waiting_resolve"}tick Fri Jun 12 10:31:55 +04 2026
{"ok":true,"skipped":"uranio_expired_waiting_resolve"}tick Fri Jun 12 12:13:28 +04 2026
{"ok":true,"skipped":"uranio_expired_waiting_resolve"}tick Fri Jun 12 13:49:30 +04 2026
{"ok":true,"skipped":"uranio_expired_waiting_resolve"}tick Sat Jun 13 01:49:32 +04 2026
{"ok":true,"skipped":"uranio_expired_waiting_resolve"}tick Sat Jun 13 01:54:34 +04 2026
{"ok":true,"skipped":"uranio_cooldown_after_resolve","remainingMs":3412239}tick Sat Jun 13 01:59:34 +04 2026
{"ok":true,"skipped":"uranio_cooldown_after_resolve","remainingMs":3111853}tick Sat Jun 13 02:04:35 +04 2026
{"ok":true,"skipped":"uranio_cooldown_after_resolve","remainingMs":2811253}tick Sat Jun 13 02:09:35 +04 2026
{"ok":true,"skipped":"uranio_cooldown_after_resolve","remainingMs":2510761}tick Sat Jun 13 02:14:36 +04 2026
{"ok":true,"skipped":"uranio_cooldown_after_resolve","remainingMs":2210260}tick Sat Jun 13 02:19:36 +04 2026
{"ok":true,"skipped":"uranio_cooldown_after_resolve","remainingMs":1909842}tick Sat Jun 13 02:24:37 +04 2026
{"ok":true,"skipped":"uranio_cooldown_after_resolve","remainingMs":1609391}tick Sat Jun 13 02:29:37 +04 2026
{"ok":true,"skipped":"uranio_cooldown_after_resolve","remainingMs":1308958}tick Sat Jun 13 02:34:38 +04 2026
{"ok":true,"skipped":"uranio_cooldown_after_resolve","remainingMs":1008303}tick Sat Jun 13 02:39:38 +04 2026
{"ok":true,"skipped":"uranio_cooldown_after_resolve","remainingMs":707768}tick Sat Jun 13 02:44:39 +04 2026
{"ok":true,"skipped":"uranio_cooldown_after_resolve","remainingMs":407290}